<?xml version="1.0" encoding="UTF-8"?>
<testng-results ignored="0" total="1" passed="1" failed="0" skipped="0">
  <reporter-output>
  </reporter-output>
  <suite started-at="2024-07-17T18:42:48 IST" name="Default suite" finished-at="2024-07-17T18:42:50 IST" duration-ms="2447">
    <groups>
    </groups>
    <test started-at="2024-07-17T18:42:48 IST" name="Default test" finished-at="2024-07-17T18:42:50 IST" duration-ms="2447">
      <class name="typesParameters.QueryParamTest">
        <test-method signature="sampleTest()[pri:0, instance:typesParameters.QueryParamTest@27462a88]" started-at="2024-07-17T18:42:48 IST" name="sampleTest" finished-at="2024-07-17T18:42:50 IST" duration-ms="2373" status="PASS">
          <reporter-output>
          </reporter-output>
        </test-method> <!-- sampleTest -->
      </class> <!-- typesParameters.QueryParamTest -->
    </test> <!-- Default test -->
  </suite> <!-- Default suite -->
</testng-results>
